<?xml version="1.0" encoding="UTF-8"?>
<!-- Generated by org.testng.reporters.JUnitReportReporter -->
<testsuite hostname="DESKTOP-QOQL0HO" failures="0" tests="1" name="dws_scripts.Login" time="8.685" errors="0" timestamp="2024-04-29T11:45:22 IST" skipped="0">
  <testcase classname="dws_scripts.Login" name="Login" time="8.685"/>
  <system-out/>
</testsuite> <!-- dws_scripts.Login -->
