<?xml version="1.0" encoding="UTF-8"?>
<!-- Generated by org.testng.reporters.JUnitReportReporter -->
<testsuite hostname="DESKTOP-QOQL0HO" failures="0" tests="1" name="dws_scripts.Register" time="6.476" errors="0" timestamp="2024-04-29T11:45:22 IST" skipped="0">
  <testcase classname="dws_scripts.Register" name="Register" time="6.476"/>
  <system-out/>
</testsuite> <!-- dws_scripts.Register -->
